This file contains any messages produced by compilers while
running configure, to aid debugging if configure makes a mistake.

It was created by json-c configure 0.9, which was
generated by GNU Autoconf 2.61.  Invocation command line was

  $ ./configure 

## --------- ##
## Platform. ##
## --------- ##

hostname = radio141.roentgen.meduniwien.ac.at
uname -m = i386
uname -r = 10.4.0
uname -s = Darwin
uname -v = Darwin Kernel Version 10.4.0: Fri Apr 23 18:28:53 PDT 2010; root:xnu-1504.7.4~1/RELEASE_I386

/usr/bin/uname -p = i386
/bin/uname -X     = unknown

/bin/arch              = unknown
/usr/bin/arch -k       = unknown
/usr/convex/getsysinfo = unknown
/usr/bin/hostinfo      = Mach kernel version:
	 Darwin Kernel Version 10.4.0: Fri Apr 23 18:28:53 PDT 2010; root:xnu-1504.7.4~1/RELEASE_I386
Kernel configured for up to 8 processors.
8 processors are physically available.
8 processors are logically available.
Processor type: i486 (Intel 80486)
Processors active: 0 1 2 3 4 5 6 7
Primary memory available: 24.00 gigabytes
Default processor set: 113 tasks, 491 threads, 8 processors
Load average: 0.36, Mach factor: 7.63
/bin/machine           = unknown
/usr/bin/oslevel       = unknown
/bin/universe          = unknown

PATH: /usr/bin
PATH: /bin
PATH: /usr/sbin
PATH: /sbin
PATH: /usr/local/bin
PATH: /usr/local/git/bin
PATH: /usr/X11/bin
PATH: /opt/local/bin
PATH: /opt/local/sbin


## ----------- ##
## Core tests. ##
## ----------- ##

configure:1962: checking for a BSD-compatible install
configure:2018: result: /usr/bin/install -c
configure:2029: checking whether build environment is sane
configure:2072: result: yes
configure:2100: checking for a thread-safe mkdir -p
configure:2139: result: ./install-sh -c -d
configure:2152: checking for gawk
configure:2182: result: no
configure:2152: checking for mawk
configure:2182: result: no
configure:2152: checking for nawk
configure:2182: result: no
configure:2152: checking for awk
configure:2168: found /usr/bin/awk
configure:2179: result: awk
configure:2190: checking whether make sets $(MAKE)
configure:2211: result: yes
configure:2419: checking for style of include used by make
configure:2447: result: GNU
configure:2517: checking for gcc
configure:2533: found /usr/bin/gcc
configure:2544: result: gcc
configure:2782: checking for C compiler version
configure:2789: gcc --version >&5
i686-apple-darwin10-gcc-4.2.1 (GCC) 4.2.1 (Apple Inc. build 5664)
Copyright (C) 2007 Free Software Foundation, Inc.
This is free software; see the source for copying conditions.  There is NO
warranty; not even for MERCHANTABILITY or FITNESS FOR A PARTICULAR PURPOSE.

configure:2792: $? = 0
configure:2799: gcc -v >&5
Using built-in specs.
Target: i686-apple-darwin10
Configured with: /var/tmp/gcc/gcc-5664~38/src/configure --disable-checking --enable-werror --prefix=/usr --mandir=/share/man --enable-languages=c,objc,c++,obj-c++ --program-transform-name=/^[cg][^.-]*$/s/$/-4.2/ --with-slibdir=/usr/lib --build=i686-apple-darwin10 --program-prefix=i686-apple-darwin10- --host=x86_64-apple-darwin10 --target=i686-apple-darwin10 --with-gxx-include-dir=/include/c++/4.2.1
Thread model: posix
gcc version 4.2.1 (Apple Inc. build 5664)
configure:2802: $? = 0
configure:2809: gcc -V >&5
gcc-4.2: argument to `-V' is missing
configure:2812: $? = 1
configure:2835: checking for C compiler default output file name
configure:2862: gcc    conftest.c  >&5
configure:2865: $? = 0
configure:2903: result: a.out
configure:2920: checking whether the C compiler works
configure:2930: ./a.out
configure:2933: $? = 0
configure:2950: result: yes
configure:2957: checking whether we are cross compiling
configure:2959: result: no
configure:2962: checking for suffix of executables
configure:2969: gcc -o conftest    conftest.c  >&5
configure:2972: $? = 0
configure:2996: result: 
configure:3002: checking for suffix of object files
configure:3028: gcc -c   conftest.c >&5
configure:3031: $? = 0
configure:3054: result: o
configure:3058: checking whether we are using the GNU C compiler
configure:3087: gcc -c   conftest.c >&5
configure:3093: $? = 0
configure:3110: result: yes
configure:3115: checking whether gcc accepts -g
configure:3145: gcc -c -g  conftest.c >&5
configure:3151: $? = 0
configure:3250: result: yes
configure:3267: checking for gcc option to accept ISO C89
configure:3341: gcc  -c -g -O2  conftest.c >&5
configure:3347: $? = 0
configure:3370: result: none needed
configure:3390: checking dependency style of gcc
configure:3481: result: gcc3
configure:3502: checking how to run the C preprocessor
configure:3542: gcc -E  conftest.c
configure:3548: $? = 0
configure:3579: gcc -E  conftest.c
conftest.c:10:28: error: ac_nonexistent.h: No such file or directory
configure:3585: $? = 1
configure: failed program was:
| /* confdefs.h.  */
| #define PACKAGE_NAME "json-c"
| #define PACKAGE_TARNAME "json-c"
| #define PACKAGE_VERSION "0.9"
| #define PACKAGE_STRING "json-c 0.9"
| #define PACKAGE_BUGREPORT "michael@metaparadigm.com"
| #define PACKAGE "json-c"
| #define VERSION "0.9"
| /* end confdefs.h.  */
| #include <ac_nonexistent.h>
configure:3618: result: gcc -E
configure:3647: gcc -E  conftest.c
configure:3653: $? = 0
configure:3684: gcc -E  conftest.c
conftest.c:10:28: error: ac_nonexistent.h: No such file or directory
configure:3690: $? = 1
configure: failed program was:
| /* confdefs.h.  */
| #define PACKAGE_NAME "json-c"
| #define PACKAGE_TARNAME "json-c"
| #define PACKAGE_VERSION "0.9"
| #define PACKAGE_STRING "json-c 0.9"
| #define PACKAGE_BUGREPORT "michael@metaparadigm.com"
| #define PACKAGE "json-c"
| #define VERSION "0.9"
| /* end confdefs.h.  */
| #include <ac_nonexistent.h>
configure:3728: checking for grep that handles long lines and -e
configure:3802: result: /usr/bin/grep
configure:3807: checking for egrep
configure:3885: result: /usr/bin/grep -E
configure:3890: checking for ANSI C header files
configure:3920: gcc -c -g -O2  conftest.c >&5
configure:3926: $? = 0
configure:4025: gcc -o conftest -g -O2   conftest.c  >&5
configure:4028: $? = 0
configure:4034: ./conftest
configure:4037: $? = 0
configure:4054: result: yes
configure:4078: checking for sys/types.h
configure:4099: gcc -c -g -O2  conftest.c >&5
configure:4105: $? = 0
configure:4121: result: yes
configure:4078: checking for sys/stat.h
configure:4099: gcc -c -g -O2  conftest.c >&5
configure:4105: $? = 0
configure:4121: result: yes
configure:4078: checking for stdlib.h
configure:4099: gcc -c -g -O2  conftest.c >&5
configure:4105: $? = 0
configure:4121: result: yes
configure:4078: checking for string.h
configure:4099: gcc -c -g -O2  conftest.c >&5
configure:4105: $? = 0
configure:4121: result: yes
configure:4078: checking for memory.h
configure:4099: gcc -c -g -O2  conftest.c >&5
configure:4105: $? = 0
configure:4121: result: yes
configure:4078: checking for strings.h
configure:4099: gcc -c -g -O2  conftest.c >&5
configure:4105: $? = 0
configure:4121: result: yes
configure:4078: checking for inttypes.h
configure:4099: gcc -c -g -O2  conftest.c >&5
configure:4105: $? = 0
configure:4121: result: yes
configure:4078: checking for stdint.h
configure:4099: gcc -c -g -O2  conftest.c >&5
configure:4105: $? = 0
configure:4121: result: yes
configure:4078: checking for unistd.h
configure:4099: gcc -c -g -O2  conftest.c >&5
configure:4105: $? = 0
configure:4121: result: yes
configure:4154: checking fcntl.h usability
configure:4171: gcc -c -g -O2  conftest.c >&5
configure:4177: $? = 0
configure:4191: result: yes
configure:4195: checking fcntl.h presence
configure:4210: gcc -E  conftest.c
configure:4216: $? = 0
configure:4230: result: yes
configure:4263: checking for fcntl.h
configure:4271: result: yes
configure:4154: checking limits.h usability
configure:4171: gcc -c -g -O2  conftest.c >&5
configure:4177: $? = 0
configure:4191: result: yes
configure:4195: checking limits.h presence
configure:4210: gcc -E  conftest.c
configure:4216: $? = 0
configure:4230: result: yes
configure:4263: checking for limits.h
configure:4271: result: yes
configure:4144: checking for strings.h
configure:4150: result: yes
configure:4154: checking syslog.h usability
configure:4171: gcc -c -g -O2  conftest.c >&5
configure:4177: $? = 0
configure:4191: result: yes
configure:4195: checking syslog.h presence
configure:4210: gcc -E  conftest.c
configure:4216: $? = 0
configure:4230: result: yes
configure:4263: checking for syslog.h
configure:4271: result: yes
configure:4144: checking for unistd.h
configure:4150: result: yes
configure:4154: checking sys/param.h usability
configure:4171: gcc -c -g -O2  conftest.c >&5
configure:4177: $? = 0
configure:4191: result: yes
configure:4195: checking sys/param.h presence
configure:4210: gcc -E  conftest.c
configure:4216: $? = 0
configure:4230: result: yes
configure:4263: checking for sys/param.h
configure:4271: result: yes
configure:4154: checking stdarg.h usability
configure:4171: gcc -c -g -O2  conftest.c >&5
configure:4177: $? = 0
configure:4191: result: yes
configure:4195: checking stdarg.h presence
configure:4210: gcc -E  conftest.c
configure:4216: $? = 0
configure:4230: result: yes
configure:4263: checking for stdarg.h
configure:4271: result: yes
configure:4286: checking for an ANSI C-conforming const
configure:4361: gcc -c -g -O2  conftest.c >&5
configure:4367: $? = 0
configure:4382: result: yes
configure:4392: checking for size_t
configure:4422: gcc -c -g -O2  conftest.c >&5
configure:4428: $? = 0
configure:4443: result: yes
configure:4461: checking for vprintf
configure:4517: gcc -o conftest -g -O2   conftest.c  >&5
conftest.c:50: warning: conflicting types for built-in function 'vprintf'
configure:4523: $? = 0
configure:4541: result: yes
configure:4548: checking for _doprnt
configure:4604: gcc -o conftest -g -O2   conftest.c  >&5
Undefined symbols:
  "__doprnt", referenced from:
      _main in ccCsoJ5E.o
ld: symbol(s) not found
collect2: ld returned 1 exit status
configure:4610: $? = 1
configure: failed program was:
| /* confdefs.h.  */
| #define PACKAGE_NAME "json-c"
| #define PACKAGE_TARNAME "json-c"
| #define PACKAGE_VERSION "0.9"
| #define PACKAGE_STRING "json-c 0.9"
| #define PACKAGE_BUGREPORT "michael@metaparadigm.com"
| #define PACKAGE "json-c"
| #define VERSION "0.9"
| #define STDC_HEADERS 1
| #define HAVE_SYS_TYPES_H 1
| #define HAVE_SYS_STAT_H 1
| #define HAVE_STDLIB_H 1
| #define HAVE_STRING_H 1
| #define HAVE_MEMORY_H 1
| #define HAVE_STRINGS_H 1
| #define HAVE_INTTYPES_H 1
| #define HAVE_STDINT_H 1
| #define HAVE_UNISTD_H 1
| #define HAVE_FCNTL_H 1
| #define HAVE_LIMITS_H 1
| #define HAVE_STRINGS_H 1
| #define HAVE_SYSLOG_H 1
| #define HAVE_UNISTD_H 1
| #define HAVE_SYS_PARAM_H 1
| #define HAVE_STDARG_H 1
| #define HAVE_VPRINTF 1
| /* end confdefs.h.  */
| /* Define _doprnt to an innocuous variant, in case <limits.h> declares _doprnt.
|    For example, HP-UX 11i <limits.h> declares gettimeofday.  */
| #define _doprnt innocuous__doprnt
| 
| /* System header to define __stub macros and hopefully few prototypes,
|     which can conflict with char _doprnt (); below.
|     Prefer <limits.h> to <assert.h> if __STDC__ is defined, since
|     <limits.h> exists even on freestanding compilers.  */
| 
| #ifdef __STDC__
| # include <limits.h>
| #else
| # include <assert.h>
| #endif
| 
| #undef _doprnt
| 
| /* Override any GCC internal prototype to avoid an error.
|    Use char because int might match the return type of a GCC
|    builtin and then its argument prototype would still apply.  */
| #ifdef __cplusplus
| extern "C"
| #endif
| char _doprnt ();
| /* The GNU C library defines this for functions which it implements
|     to always fail with ENOSYS.  Some functions are actually named
|     something starting with __ and the normal name is an alias.  */
| #if defined __stub__doprnt || defined __stub____doprnt
| choke me
| #endif
| 
| int
| main ()
| {
| return _doprnt ();
|   ;
|   return 0;
| }
configure:4627: result: no
configure:4641: checking for working memcmp
configure:4694: gcc -o conftest -g -O2   conftest.c  >&5
configure:4697: $? = 0
configure:4703: ./conftest
configure:4706: $? = 0
configure:4722: result: yes
configure:4736: checking for stdlib.h
configure:4742: result: yes
configure:4876: checking for GNU libc compatible malloc
configure:4910: gcc -o conftest -g -O2   conftest.c  >&5
configure:4913: $? = 0
configure:4919: ./conftest
configure:4922: $? = 0
configure:4938: result: yes
configure:4971: checking for stdlib.h
configure:4977: result: yes
configure:5111: checking for GNU libc compatible realloc
configure:5145: gcc -o conftest -g -O2   conftest.c  >&5
configure:5148: $? = 0
configure:5154: ./conftest
configure:5157: $? = 0
configure:5173: result: yes
configure:5211: checking for strndup
configure:5267: gcc -o conftest -g -O2   conftest.c  >&5
conftest.c:55: warning: conflicting types for built-in function 'strndup'
Undefined symbols:
  "_strndup", referenced from:
      _main in ccBu2BiT.o
ld: symbol(s) not found
collect2: ld returned 1 exit status
configure:5273: $? = 1
configure: failed program was:
| /* confdefs.h.  */
| #define PACKAGE_NAME "json-c"
| #define PACKAGE_TARNAME "json-c"
| #define PACKAGE_VERSION "0.9"
| #define PACKAGE_STRING "json-c 0.9"
| #define PACKAGE_BUGREPORT "michael@metaparadigm.com"
| #define PACKAGE "json-c"
| #define VERSION "0.9"
| #define STDC_HEADERS 1
| #define HAVE_SYS_TYPES_H 1
| #define HAVE_SYS_STAT_H 1
| #define HAVE_STDLIB_H 1
| #define HAVE_STRING_H 1
| #define HAVE_MEMORY_H 1
| #define HAVE_STRINGS_H 1
| #define HAVE_INTTYPES_H 1
| #define HAVE_STDINT_H 1
| #define HAVE_UNISTD_H 1
| #define HAVE_FCNTL_H 1
| #define HAVE_LIMITS_H 1
| #define HAVE_STRINGS_H 1
| #define HAVE_SYSLOG_H 1
| #define HAVE_UNISTD_H 1
| #define HAVE_SYS_PARAM_H 1
| #define HAVE_STDARG_H 1
| #define HAVE_VPRINTF 1
| #define HAVE_STDLIB_H 1
| #define HAVE_MALLOC 1
| #define HAVE_STDLIB_H 1
| #define HAVE_REALLOC 1
| /* end confdefs.h.  */
| /* Define strndup to an innocuous variant, in case <limits.h> declares strndup.
|    For example, HP-UX 11i <limits.h> declares gettimeofday.  */
| #define strndup innocuous_strndup
| 
| /* System header to define __stub macros and hopefully few prototypes,
|     which can conflict with char strndup (); below.
|     Prefer <limits.h> to <assert.h> if __STDC__ is defined, since
|     <limits.h> exists even on freestanding compilers.  */
| 
| #ifdef __STDC__
| # include <limits.h>
| #else
| # include <assert.h>
| #endif
| 
| #undef strndup
| 
| /* Override any GCC internal prototype to avoid an error.
|    Use char because int might match the return type of a GCC
|    builtin and then its argument prototype would still apply.  */
| #ifdef __cplusplus
| extern "C"
| #endif
| char strndup ();
| /* The GNU C library defines this for functions which it implements
|     to always fail with ENOSYS.  Some functions are actually named
|     something starting with __ and the normal name is an alias.  */
| #if defined __stub_strndup || defined __stub___strndup
| choke me
| #endif
| 
| int
| main ()
| {
| return strndup ();
|   ;
|   return 0;
| }
configure:5291: result: no
configure:5211: checking for strerror
configure:5267: gcc -o conftest -g -O2   conftest.c  >&5
configure:5273: $? = 0
configure:5291: result: yes
configure:5211: checking for vsnprintf
configure:5267: gcc -o conftest -g -O2   conftest.c  >&5
conftest.c:56: warning: conflicting types for built-in function 'vsnprintf'
configure:5273: $? = 0
configure:5291: result: yes
configure:5211: checking for vasprintf
configure:5267: gcc -o conftest -g -O2   conftest.c  >&5
configure:5273: $? = 0
configure:5291: result: yes
configure:5211: checking for open
configure:5267: gcc -o conftest -g -O2   conftest.c  >&5
configure:5273: $? = 0
configure:5291: result: yes
configure:5211: checking for vsyslog
configure:5267: gcc -o conftest -g -O2   conftest.c  >&5
configure:5273: $? = 0
configure:5291: result: yes
configure:5211: checking for strncasecmp
configure:5267: gcc -o conftest -g -O2   conftest.c  >&5
conftest.c:60: warning: conflicting types for built-in function 'strncasecmp'
configure:5273: $? = 0
configure:5291: result: yes
configure:5333: checking build system type
configure:5351: result: i386-apple-darwin10.4.0
configure:5373: checking host system type
configure:5388: result: i386-apple-darwin10.4.0
configure:5410: checking for a sed that does not truncate output
configure:5489: result: /usr/bin/sed
configure:5507: checking for fgrep
configure:5585: result: /usr/bin/grep -F
configure:5620: checking for ld used by gcc
configure:5687: result: /usr/libexec/gcc/i686-apple-darwin10/4.2.1/ld
configure:5696: checking if the linker (/usr/libexec/gcc/i686-apple-darwin10/4.2.1/ld) is GNU ld
configure:5711: result: no
configure:5723: checking for BSD- or MS-compatible name lister (nm)
configure:5772: result: /usr/bin/nm
configure:5894: checking the name lister (/usr/bin/nm) interface
configure:5901: gcc -c -g -O2  conftest.c >&5
configure:5904: /usr/bin/nm "conftest.o"
configure:5907: output
000000000000018c D _some_variable
configure:5914: result: BSD nm
configure:5917: checking whether ln -s works
configure:5921: result: yes
configure:5929: checking the maximum length of command line arguments
configure:6049: result: 196608
configure:6066: checking whether the shell understands some XSI constructs
configure:6076: result: yes
configure:6080: checking whether the shell understands "+="
configure:6086: result: yes
configure:6121: checking for /usr/libexec/gcc/i686-apple-darwin10/4.2.1/ld option to reload object files
configure:6128: result: -r
configure:6155: checking how to recognize dependent libraries
configure:6345: result: pass_all
configure:6405: checking for ar
configure:6421: found /usr/bin/ar
configure:6432: result: ar
configure:6514: checking for strip
configure:6530: found /usr/bin/strip
configure:6541: result: strip
configure:6617: checking for ranlib
configure:6633: found /usr/bin/ranlib
configure:6644: result: ranlib
configure:6738: checking command to parse /usr/bin/nm output from gcc object
configure:6856: gcc -c -g -O2  conftest.c >&5
configure:6859: $? = 0
configure:6863: /usr/bin/nm conftest.o \| sed -n -e 's/^.*[	 ]\([BCDEGRST][BCDEGRST]*\)[	 ][	 ]*\([_A-Za-z][_A-Za-z0-9]*\)$/\1 \2 \2/p' \> conftest.nm
configure:6866: $? = 0
cannot find nm_test_var in conftest.nm
configure:6856: gcc -c -g -O2  conftest.c >&5
configure:6859: $? = 0
configure:6863: /usr/bin/nm conftest.o \| sed -n -e 's/^.*[	 ]\([BCDEGRST][BCDEGRST]*\)[	 ][	 ]*_\([_A-Za-z][_A-Za-z0-9]*\)$/\1 _\2 \2/p' \> conftest.nm
configure:6866: $? = 0
configure:6920: gcc -o conftest -g -O2   conftest.c conftstm.o >&5
configure:6923: $? = 0
configure:6961: result: ok
configure:7250: checking for dsymutil
configure:7266: found /usr/bin/dsymutil
configure:7277: result: dsymutil
configure:7346: checking for nmedit
configure:7362: found /usr/bin/nmedit
configure:7373: result: nmedit
configure:7442: checking for lipo
configure:7458: found /usr/bin/lipo
configure:7469: result: lipo
configure:7538: checking for otool
configure:7554: found /usr/bin/otool
configure:7565: result: otool
configure:7634: checking for otool64
configure:7664: result: no
configure:7713: checking for -single_module linker flag
gcc -g -O2  -o libconftest.dylib -dynamiclib -Wl,-single_module conftest.c
configure:7740: result: yes
configure:7742: checking for -exported_symbols_list linker flag
configure:7772: gcc -o conftest -g -O2   -Wl,-exported_symbols_list,conftest.sym conftest.c  >&5
configure:7778: $? = 0
configure:7797: result: yes
configure:7838: checking for dlfcn.h
configure:7859: gcc -c -g -O2  conftest.c >&5
configure:7865: $? = 0
configure:7881: result: yes
configure:8065: checking for objdir
configure:8080: result: .libs
configure:8372: checking if gcc supports -fno-rtti -fno-exceptions
configure:8390: gcc -c -g -O2  -fno-rtti -fno-exceptions conftest.c >&5
cc1: warning: command line option "-fno-rtti" is valid for C++/ObjC++ but not for C
configure:8394: $? = 0
configure:8407: result: no
configure:8427: checking for gcc option to produce PIC
configure:8684: result: -fno-common -DPIC
configure:8696: checking if gcc PIC flag -fno-common -DPIC works
configure:8714: gcc -c -g -O2  -fno-common -DPIC -DPIC conftest.c >&5
configure:8718: $? = 0
configure:8731: result: yes
configure:8755: checking if gcc static flag -static works
configure:8783: result: no
configure:8798: checking if gcc supports -c -o file.o
configure:8819: gcc -c -g -O2  -o out/conftest2.o conftest.c >&5
configure:8823: $? = 0
configure:8845: result: yes
configure:8853: checking if gcc supports -c -o file.o
configure:8900: result: yes
configure:8933: checking whether the gcc linker (/usr/libexec/gcc/i686-apple-darwin10/4.2.1/ld) supports shared libraries
configure:9987: result: yes
configure:10226: checking dynamic linker characteristics
configure:10905: result: darwin10.4.0 dyld
configure:11007: checking how to hardcode library paths into programs
configure:11032: result: immediate
configure:11845: checking whether stripping libraries is possible
configure:11859: result: yes
configure:11885: checking if libtool supports shared libraries
configure:11887: result: yes
configure:11890: checking whether to build shared libraries
configure:11911: result: yes
configure:11914: checking whether to build static libraries
configure:11918: result: yes
configure:12070: creating ./config.status

## ---------------------- ##
## Running config.status. ##
## ---------------------- ##

This file was extended by json-c config.status 0.9, which was
generated by GNU Autoconf 2.61.  Invocation command line was

  CONFIG_FILES    = 
  CONFIG_HEADERS  = 
  CONFIG_LINKS    = 
  CONFIG_COMMANDS = 
  $ ./config.status 

on radio141.roentgen.meduniwien.ac.at

config.status:844: creating Makefile
config.status:844: creating json.pc
config.status:844: creating config.h
config.status:1090: config.h is unchanged
config.status:1136: executing depfiles commands
config.status:1136: executing libtool commands

## ---------------- ##
## Cache variables. ##
## ---------------- ##

ac_cv_build=i386-apple-darwin10.4.0
ac_cv_c_compiler_gnu=yes
ac_cv_c_const=yes
ac_cv_env_CC_set=
ac_cv_env_CC_value=
ac_cv_env_CFLAGS_set=
ac_cv_env_CFLAGS_value=
ac_cv_env_CPPFLAGS_set=
ac_cv_env_CPPFLAGS_value=
ac_cv_env_CPP_set=
ac_cv_env_CPP_value=
ac_cv_env_LDFLAGS_set=
ac_cv_env_LDFLAGS_value=
ac_cv_env_LIBS_set=
ac_cv_env_LIBS_value=
ac_cv_env_build_alias_set=
ac_cv_env_build_alias_value=
ac_cv_env_host_alias_set=
ac_cv_env_host_alias_value=
ac_cv_env_target_alias_set=
ac_cv_env_target_alias_value=
ac_cv_func__doprnt=no
ac_cv_func_malloc_0_nonnull=yes
ac_cv_func_memcmp_working=yes
ac_cv_func_open=yes
ac_cv_func_realloc_0_nonnull=yes
ac_cv_func_strerror=yes
ac_cv_func_strncasecmp=yes
ac_cv_func_strndup=no
ac_cv_func_vasprintf=yes
ac_cv_func_vprintf=yes
ac_cv_func_vsnprintf=yes
ac_cv_func_vsyslog=yes
ac_cv_header_dlfcn_h=yes
ac_cv_header_fcntl_h=yes
ac_cv_header_inttypes_h=yes
ac_cv_header_limits_h=yes
ac_cv_header_memory_h=yes
ac_cv_header_stdarg_h=yes
ac_cv_header_stdc=yes
ac_cv_header_stdint_h=yes
ac_cv_header_stdlib_h=yes
ac_cv_header_string_h=yes
ac_cv_header_strings_h=yes
ac_cv_header_sys_param_h=yes
ac_cv_header_sys_stat_h=yes
ac_cv_header_sys_types_h=yes
ac_cv_header_syslog_h=yes
ac_cv_header_unistd_h=yes
ac_cv_host=i386-apple-darwin10.4.0
ac_cv_objext=o
ac_cv_path_EGREP='/usr/bin/grep -E'
ac_cv_path_FGREP='/usr/bin/grep -F'
ac_cv_path_GREP=/usr/bin/grep
ac_cv_path_SED=/usr/bin/sed
ac_cv_path_install='/usr/bin/install -c'
ac_cv_prog_AWK=awk
ac_cv_prog_CPP='gcc -E'
ac_cv_prog_ac_ct_AR=ar
ac_cv_prog_ac_ct_CC=gcc
ac_cv_prog_ac_ct_DSYMUTIL=dsymutil
ac_cv_prog_ac_ct_LIPO=lipo
ac_cv_prog_ac_ct_NMEDIT=nmedit
ac_cv_prog_ac_ct_OTOOL=otool
ac_cv_prog_ac_ct_RANLIB=ranlib
ac_cv_prog_ac_ct_STRIP=strip
ac_cv_prog_cc_c89=
ac_cv_prog_cc_g=yes
ac_cv_prog_make_make_set=yes
ac_cv_type_size_t=yes
am_cv_CC_dependencies_compiler_type=gcc3
lt_cv_apple_cc_single_mod=yes
lt_cv_deplibs_check_method=pass_all
lt_cv_file_magic_cmd='$MAGIC_CMD'
lt_cv_file_magic_test_file=
lt_cv_ld_exported_symbols_list=yes
lt_cv_ld_reload_flag=-r
lt_cv_nm_interface='BSD nm'
lt_cv_objdir=.libs
lt_cv_path_LD=/usr/libexec/gcc/i686-apple-darwin10/4.2.1/ld
lt_cv_path_NM=/usr/bin/nm
lt_cv_prog_compiler_c_o=yes
lt_cv_prog_compiler_pic_works=yes
lt_cv_prog_compiler_rtti_exceptions=no
lt_cv_prog_compiler_static_works=no
lt_cv_prog_gnu_ld=no
lt_cv_sys_global_symbol_pipe='sed -n -e '\''s/^.*[	 ]\([BCDEGRST][BCDEGRST]*\)[	 ][	 ]*_\([_A-Za-z][_A-Za-z0-9]*\)$/\1 _\2 \2/p'\'''
lt_cv_sys_global_symbol_to_c_name_address='sed -n -e '\''s/^: \([^ ]*\) $/  {\"\1\", (void *) 0},/p'\'' -e '\''s/^[BCDEGRST]* \([^ ]*\) \([^ ]*\)$/  {"\2", (void *) \&\2},/p'\'''
lt_cv_sys_global_symbol_to_c_name_address_lib_prefix='sed -n -e '\''s/^: \([^ ]*\) $/  {\"\1\", (void *) 0},/p'\'' -e '\''s/^[BCDEGRST]* \([^ ]*\) \(lib[^ ]*\)$/  {"\2", (void *) \&\2},/p'\'' -e '\''s/^[BCDEGRST]* \([^ ]*\) \([^ ]*\)$/  {"lib\2", (void *) \&\2},/p'\'''
lt_cv_sys_global_symbol_to_cdecl='sed -n -e '\''s/^T .* \(.*\)$/extern int \1();/p'\'' -e '\''s/^[BCDEGRST]* .* \(.*\)$/extern char \1;/p'\'''
lt_cv_sys_max_cmd_len=196608

## ----------------- ##
## Output variables. ##
## ----------------- ##

ACLOCAL='${SHELL} /Users/ebirn/Documents/projects/ikuchi/json-c-0.9/missing --run aclocal-1.10'
AMDEPBACKSLASH='\'
AMDEP_FALSE='#'
AMDEP_TRUE=''
AMTAR='${SHELL} /Users/ebirn/Documents/projects/ikuchi/json-c-0.9/missing --run tar'
AR='ar'
AUTOCONF='${SHELL} /Users/ebirn/Documents/projects/ikuchi/json-c-0.9/missing --run autoconf'
AUTOHEADER='${SHELL} /Users/ebirn/Documents/projects/ikuchi/json-c-0.9/missing --run autoheader'
AUTOMAKE='${SHELL} /Users/ebirn/Documents/projects/ikuchi/json-c-0.9/missing --run automake-1.10'
AWK='awk'
CC='gcc'
CCDEPMODE='depmode=gcc3'
CFLAGS='-g -O2'
CPP='gcc -E'
CPPFLAGS=''
CYGPATH_W='echo'
DEFS='-DHAVE_CONFIG_H'
DEPDIR='.deps'
DSYMUTIL='dsymutil'
DUMPBIN=''
ECHO_C='ECHO_N=''
ECHO_T=''
EGREP='/usr/bin/grep -E'
EXEEXT=''
FGREP='/usr/bin/grep -F'
GREP='/usr/bin/grep'
INSTALL_DATA='${INSTALL} -m 644'
INSTALL_PROGRAM='${INSTALL}'
INSTALL_SCRIPT='${INSTALL}'
INSTALL_STRIP_PROGRAM='$(install_sh) -c -s'
LD='/usr/libexec/gcc/i686-apple-darwin10/4.2.1/ld'
LDFLAGS=''
LIBOBJS=''
LIBS=''
LIBTOOL='$(SHELL) $(top_builddir)/libtool'
LIPO='lipo'
LN_S='ln -s'
LTLIBOBJS=''
MAKEINFO='${SHELL} /Users/ebirn/Documents/projects/ikuchi/json-c-0.9/missing --run makeinfo'
NM='/usr/bin/nm'
NMEDIT='nmedit'
OBJEXT='o'
OTOOL64=':'
OTOOL='otool'
PACKAGE='json-c'
PACKAGE_BUGREPORT='michael@metaparadigm.com'
PACKAGE_NAME='json-c'
PACKAGE_STRING='json-c 0.9'
PACKAGE_TARNAME='json-c'
PACKAGE_VERSION='0.9'
PATH_SEPARATOR=':'
RANLIB='ranlib'
SED='/usr/bin/sed'
SET_MAKE=''
SHELL='/bin/sh'
STRIP='strip'
VERSION='0.9'
ac_ct_CC='gcc'
ac_ct_DUMPBIN=''
am__fastdepCC_FALSE='#'
am__fastdepCC_TRUE=''
am__include='include'
am__isrc=''
am__leading_dot='.'
am__quote=''
am__tar='${AMTAR} chof - "$$tardir"'
am__untar='${AMTAR} xf -'
bindir='${exec_prefix}/bin'
build='i386-apple-darwin10.4.0'
build_alias=''
build_cpu='i386'
build_os='darwin10.4.0'
build_vendor='apple'
datadir='${datarootdir}'
datarootdir='${prefix}/share'
docdir='${datarootdir}/doc/${PACKAGE_TARNAME}'
dvidir='${docdir}'
exec_prefix='${prefix}'
host='i386-apple-darwin10.4.0'
host_alias=''
host_cpu='i386'
host_os='darwin10.4.0'
host_vendor='apple'
htmldir='${docdir}'
includedir='${prefix}/include'
infodir='${datarootdir}/info'
install_sh='$(SHELL) /Users/ebirn/Documents/projects/ikuchi/json-c-0.9/install-sh'
libdir='${exec_prefix}/lib'
libexecdir='${exec_prefix}/libexec'
localedir='${datarootdir}/locale'
localstatedir='${prefix}/var'
lt_ECHO='/bin/echo'
mandir='${datarootdir}/man'
mkdir_p='$(top_builddir)/./install-sh -c -d'
oldincludedir='/usr/include'
pdfdir='${docdir}'
prefix='/usr/local'
program_transform_name='s,x,x,'
psdir='${docdir}'
sbindir='${exec_prefix}/sbin'
sharedstatedir='${prefix}/com'
sysconfdir='${prefix}/etc'
target_alias=''

## ----------- ##
## confdefs.h. ##
## ----------- ##

#define PACKAGE_NAME "json-c"
#define PACKAGE_TARNAME "json-c"
#define PACKAGE_VERSION "0.9"
#define PACKAGE_STRING "json-c 0.9"
#define PACKAGE_BUGREPORT "michael@metaparadigm.com"
#define PACKAGE "json-c"
#define VERSION "0.9"
#define STDC_HEADERS 1
#define HAVE_SYS_TYPES_H 1
#define HAVE_SYS_STAT_H 1
#define HAVE_STDLIB_H 1
#define HAVE_STRING_H 1
#define HAVE_MEMORY_H 1
#define HAVE_STRINGS_H 1
#define HAVE_INTTYPES_H 1
#define HAVE_STDINT_H 1
#define HAVE_UNISTD_H 1
#define HAVE_FCNTL_H 1
#define HAVE_LIMITS_H 1
#define HAVE_STRINGS_H 1
#define HAVE_SYSLOG_H 1
#define HAVE_UNISTD_H 1
#define HAVE_SYS_PARAM_H 1
#define HAVE_STDARG_H 1
#define HAVE_VPRINTF 1
#define HAVE_STDLIB_H 1
#define HAVE_MALLOC 1
#define HAVE_STDLIB_H 1
#define HAVE_REALLOC 1
#define HAVE_STRERROR 1
#define HAVE_VSNPRINTF 1
#define HAVE_VASPRINTF 1
#define HAVE_OPEN 1
#define HAVE_VSYSLOG 1
#define HAVE_STRNCASECMP 1
#define HAVE_DLFCN_H 1
#define LT_OBJDIR ".libs/"

configure: exit 0

## ---------------------- ##
## Running config.status. ##
## ---------------------- ##

This file was extended by json-c config.status 0.9, which was
generated by GNU Autoconf 2.61.  Invocation command line was

  CONFIG_FILES    = 
  CONFIG_HEADERS  = 
  CONFIG_LINKS    = 
  CONFIG_COMMANDS = 
  $ ./config.status Makefile depfiles

on radio141.roentgen.meduniwien.ac.at

config.status:844: creating Makefile
config.status:1136: executing depfiles commands

## ---------------------- ##
## Running config.status. ##
## ---------------------- ##

This file was extended by json-c config.status 0.9, which was
generated by GNU Autoconf 2.61.  Invocation command line was

  CONFIG_FILES    = 
  CONFIG_HEADERS  = 
  CONFIG_LINKS    = 
  CONFIG_COMMANDS = 
  $ ./config.status Makefile depfiles

on radio141.roentgen.meduniwien.ac.at

config.status:844: creating Makefile
config.status:1136: executing depfiles commands
